15:56:20.945 [main] INFO  r.r.homework4.Homework4Application - Starting Homework4Application on DESKTOP-1E2HK3G with PID 11596 (C:\code\java\homework_4\target\classes started by tudou in C:\code\java\homework_4)
15:56:20.950 [main] INFO  r.r.homework4.Homework4Application - No active profile set, falling back to default profiles: default
15:56:22.200 [main] WARN  o.m.s.mapper.ClassPathMapperScanner - No MyBatis mapper was found in '[red.rock.homework4]' package. Please check your configuration.
15:56:23.266 [main] INFO  o.s.b.w.e.tomcat.TomcatWebServer - Tomcat initialized with port(s): 8080 (http)
15:56:23.329 [main] INFO  o.a.coyote.http11.Http11NioProtocol - Initializing ProtocolHandler ["http-nio-8080"]
15:56:23.353 [main] INFO  o.a.catalina.core.StandardService - Starting service [Tomcat]
15:56:23.354 [main] INFO  o.a.catalina.core.StandardEngine - Starting Servlet engine: [Apache Tomcat/9.0.17]
15:56:23.527 [main] INFO  o.a.c.c.C.[Tomcat].[localhost].[/] - Initializing Spring embedded WebApplicationContext
15:56:23.528 [main] INFO  o.s.web.context.ContextLoader - Root WebApplicationContext: initialization completed in 2515 ms
15:56:23.976 [main] INFO  o.s.s.c.ThreadPoolTaskExecutor - Initializing ExecutorService 'applicationTaskExecutor'
15:56:24.228 [main] INFO  c.a.d.s.b.a.DruidDataSourceAutoConfigure - Init DruidDataSource
15:56:24.383 [main] INFO  c.alibaba.druid.pool.DruidDataSource - {dataSource-1} inited
15:56:24.698 [main] INFO  o.a.coyote.http11.Http11NioProtocol - Starting ProtocolHandler ["http-nio-8080"]
15:56:24.745 [main] INFO  o.s.b.w.e.tomcat.TomcatWebServer - Tomcat started on port(s): 8080 (http) with context path ''
15:56:24.752 [main] INFO  r.r.homework4.Homework4Application - Started Homework4Application in 4.78 seconds (JVM running for 7.758)
15:57:07.766 [http-nio-8080-exec-1] INFO  o.a.c.c.C.[Tomcat].[localhost].[/] - Initializing Spring DispatcherServlet 'dispatcherServlet'
15:57:07.768 [http-nio-8080-exec-1] INFO  o.s.web.servlet.DispatcherServlet - Initializing Servlet 'dispatcherServlet'
15:57:07.782 [http-nio-8080-exec-1] INFO  o.s.web.servlet.DispatcherServlet - Completed initialization in 14 ms
16:23:15.252 [main] INFO  r.r.homework4.Homework4Application - Starting Homework4Application on DESKTOP-1E2HK3G with PID 10464 (C:\code\java\homework_4\target\classes started by tudou in C:\code\java\homework_4)
16:23:15.256 [main] INFO  r.r.homework4.Homework4Application - No active profile set, falling back to default profiles: default
16:23:16.152 [main] WARN  o.m.s.mapper.ClassPathMapperScanner - No MyBatis mapper was found in '[red.rock.homework4]' package. Please check your configuration.
16:23:16.881 [main] INFO  o.s.b.w.e.tomcat.TomcatWebServer - Tomcat initialized with port(s): 8080 (http)
16:23:16.902 [main] INFO  o.a.coyote.http11.Http11NioProtocol - Initializing ProtocolHandler ["http-nio-8080"]
16:23:16.913 [main] INFO  o.a.catalina.core.StandardService - Starting service [Tomcat]
16:23:16.913 [main] INFO  o.a.catalina.core.StandardEngine - Starting Servlet engine: [Apache Tomcat/9.0.17]
16:23:17.035 [main] INFO  o.a.c.c.C.[Tomcat].[localhost].[/] - Initializing Spring embedded WebApplicationContext
16:23:17.035 [main] INFO  o.s.web.context.ContextLoader - Root WebApplicationContext: initialization completed in 1704 ms
16:23:17.303 [main] INFO  o.s.s.c.ThreadPoolTaskExecutor - Initializing ExecutorService 'applicationTaskExecutor'
16:23:17.447 [main] INFO  c.a.d.s.b.a.DruidDataSourceAutoConfigure - Init DruidDataSource
16:23:17.536 [main] INFO  c.alibaba.druid.pool.DruidDataSource - {dataSource-1} inited
16:23:17.755 [main] INFO  o.a.coyote.http11.Http11NioProtocol - Starting ProtocolHandler ["http-nio-8080"]
16:23:17.784 [main] INFO  o.s.b.w.e.tomcat.TomcatWebServer - Tomcat started on port(s): 8080 (http) with context path ''
16:23:17.789 [main] INFO  r.r.homework4.Homework4Application - Started Homework4Application in 3.324 seconds (JVM running for 4.336)
16:23:31.099 [http-nio-8080-exec-1] INFO  o.a.c.c.C.[Tomcat].[localhost].[/] - Initializing Spring DispatcherServlet 'dispatcherServlet'
16:23:31.101 [http-nio-8080-exec-1] INFO  o.s.web.servlet.DispatcherServlet - Initializing Servlet 'dispatcherServlet'
16:23:31.110 [http-nio-8080-exec-1] INFO  o.s.web.servlet.DispatcherServlet - Completed initialization in 9 ms
16:28:48.329 [main] INFO  r.r.homework4.Homework4Application - Starting Homework4Application on DESKTOP-1E2HK3G with PID 8376 (C:\code\java\homework_4\target\classes started by tudou in C:\code\java\homework_4)
16:28:48.333 [main] INFO  r.r.homework4.Homework4Application - No active profile set, falling back to default profiles: default
16:28:49.140 [main] WARN  o.m.s.mapper.ClassPathMapperScanner - No MyBatis mapper was found in '[red.rock.homework4]' package. Please check your configuration.
16:28:49.773 [main] INFO  o.s.b.w.e.tomcat.TomcatWebServer - Tomcat initialized with port(s): 8080 (http)
16:28:49.787 [main] INFO  o.a.coyote.http11.Http11NioProtocol - Initializing ProtocolHandler ["http-nio-8080"]
16:28:49.797 [main] INFO  o.a.catalina.core.StandardService - Starting service [Tomcat]
16:28:49.797 [main] INFO  o.a.catalina.core.StandardEngine - Starting Servlet engine: [Apache Tomcat/9.0.17]
16:28:49.900 [main] INFO  o.a.c.c.C.[Tomcat].[localhost].[/] - Initializing Spring embedded WebApplicationContext
16:28:49.900 [main] INFO  o.s.web.context.ContextLoader - Root WebApplicationContext: initialization completed in 1517 ms
16:28:50.175 [main] INFO  o.s.s.c.ThreadPoolTaskExecutor - Initializing ExecutorService 'applicationTaskExecutor'
16:28:50.322 [main] INFO  c.a.d.s.b.a.DruidDataSourceAutoConfigure - Init DruidDataSource
16:28:50.407 [main] INFO  c.alibaba.druid.pool.DruidDataSource - {dataSource-1} inited
16:28:50.591 [main] INFO  o.a.coyote.http11.Http11NioProtocol - Starting ProtocolHandler ["http-nio-8080"]
16:28:50.618 [main] INFO  o.s.b.w.e.tomcat.TomcatWebServer - Tomcat started on port(s): 8080 (http) with context path ''
16:28:50.624 [main] INFO  r.r.homework4.Homework4Application - Started Homework4Application in 2.82 seconds (JVM running for 4.039)
16:28:58.001 [http-nio-8080-exec-1] INFO  o.a.c.c.C.[Tomcat].[localhost].[/] - Initializing Spring DispatcherServlet 'dispatcherServlet'
16:28:58.002 [http-nio-8080-exec-1] INFO  o.s.web.servlet.DispatcherServlet - Initializing Servlet 'dispatcherServlet'
16:28:58.013 [http-nio-8080-exec-1] INFO  o.s.web.servlet.DispatcherServlet - Completed initialization in 11 ms
16:32:14.203 [main] INFO  r.r.homework4.Homework4Application - Starting Homework4Application on DESKTOP-1E2HK3G with PID 13824 (C:\code\java\homework_4\target\classes started by tudou in C:\code\java\homework_4)
16:32:14.207 [main] INFO  r.r.homework4.Homework4Application - No active profile set, falling back to default profiles: default
16:32:14.754 [main] WARN  o.s.b.w.s.c.AnnotationConfigServletWebServerApplicationContext - Exception encountered during context initialization - cancelling refresh attempt: org.springframework.beans.factory.support.BeanDefinitionOverrideException: Invalid bean definition with name 'authExceptionResolver' defined in class path resource [red/rock/homework4/Config/WebMvcConfig.class]: Cannot register bean definition [Root bean: class [null]; scope=; abstract=false; lazyInit=false; autowireMode=3; dependencyCheck=0; autowireCandidate=true; primary=false; factoryBeanName=webMvcConfig; factoryMethodName=authExceptionResolver; initMethodName=null; destroyMethodName=(inferred); defined in class path resource [red/rock/homework4/Config/WebMvcConfig.class]] for bean 'authExceptionResolver': There is already [Generic bean: class [red.rock.homework4.Config.AuthExceptionResolver]; scope=singleton; abstract=false; lazyInit=false; autowireMode=0; dependencyCheck=0; autowireCandidate=true; primary=false; factoryBeanName=null; factoryMethodName=null; initMethodName=null; destroyMethodName=null; defined in file [C:\code\java\homework_4\target\classes\red\rock\homework4\Config\AuthExceptionResolver.class]] bound.
16:32:14.764 [main] INFO  o.s.b.a.l.ConditionEvaluationReportLoggingListener - 

Error starting ApplicationContext. To display the conditions report re-run your application with 'debug' enabled.
16:32:14.766 [main] ERROR o.s.b.d.LoggingFailureAnalysisReporter - 

***************************
APPLICATION FAILED TO START
***************************

Description:

The bean 'authExceptionResolver', defined in class path resource [red/rock/homework4/Config/WebMvcConfig.class], could not be registered. A bean with that name has already been defined in file [C:\code\java\homework_4\target\classes\red\rock\homework4\Config\AuthExceptionResolver.class] and overriding is disabled.

Action:

Consider renaming one of the beans or enabling overriding by setting spring.main.allow-bean-definition-overriding=true

16:32:37.900 [main] INFO  r.r.homework4.Homework4Application - Starting Homework4Application on DESKTOP-1E2HK3G with PID 10712 (C:\code\java\homework_4\target\classes started by tudou in C:\code\java\homework_4)
16:32:37.904 [main] INFO  r.r.homework4.Homework4Application - No active profile set, falling back to default profiles: default
16:32:38.667 [main] WARN  o.m.s.mapper.ClassPathMapperScanner - No MyBatis mapper was found in '[red.rock.homework4]' package. Please check your configuration.
16:32:39.302 [main] INFO  o.s.b.w.e.tomcat.TomcatWebServer - Tomcat initialized with port(s): 8080 (http)
16:32:39.317 [main] INFO  o.a.coyote.http11.Http11NioProtocol - Initializing ProtocolHandler ["http-nio-8080"]
16:32:39.328 [main] INFO  o.a.catalina.core.StandardService - Starting service [Tomcat]
16:32:39.329 [main] INFO  o.a.catalina.core.StandardEngine - Starting Servlet engine: [Apache Tomcat/9.0.17]
16:32:39.455 [main] INFO  o.a.c.c.C.[Tomcat].[localhost].[/] - Initializing Spring embedded WebApplicationContext
16:32:39.455 [main] INFO  o.s.web.context.ContextLoader - Root WebApplicationContext: initialization completed in 1498 ms
16:32:39.732 [main] INFO  o.s.s.c.ThreadPoolTaskExecutor - Initializing ExecutorService 'applicationTaskExecutor'
16:32:39.881 [main] INFO  c.a.d.s.b.a.DruidDataSourceAutoConfigure - Init DruidDataSource
16:32:39.975 [main] INFO  c.alibaba.druid.pool.DruidDataSource - {dataSource-1} inited
16:32:40.168 [main] INFO  o.a.coyote.http11.Http11NioProtocol - Starting ProtocolHandler ["http-nio-8080"]
16:32:40.195 [main] INFO  o.s.b.w.e.tomcat.TomcatWebServer - Tomcat started on port(s): 8080 (http) with context path ''
16:32:40.201 [main] INFO  r.r.homework4.Homework4Application - Started Homework4Application in 2.878 seconds (JVM running for 3.749)
16:34:11.306 [http-nio-8080-exec-1] INFO  o.a.c.c.C.[Tomcat].[localhost].[/] - Initializing Spring DispatcherServlet 'dispatcherServlet'
16:34:11.307 [http-nio-8080-exec-1] INFO  o.s.web.servlet.DispatcherServlet - Initializing Servlet 'dispatcherServlet'
16:34:11.315 [http-nio-8080-exec-1] INFO  o.s.web.servlet.DispatcherServlet - Completed initialization in 8 ms
16:50:44.940 [main] INFO  r.r.homework4.Homework4Application - Starting Homework4Application on DESKTOP-1E2HK3G with PID 12168 (C:\code\java\homework_4\target\classes started by tudou in C:\code\java\homework_4)
16:50:44.944 [main] INFO  r.r.homework4.Homework4Application - No active profile set, falling back to default profiles: default
16:50:45.744 [main] WARN  o.m.s.mapper.ClassPathMapperScanner - No MyBatis mapper was found in '[red.rock.homework4]' package. Please check your configuration.
16:50:46.315 [main] INFO  o.s.b.w.e.tomcat.TomcatWebServer - Tomcat initialized with port(s): 8080 (http)
16:50:46.328 [main] INFO  o.a.coyote.http11.Http11NioProtocol - Initializing ProtocolHandler ["http-nio-8080"]
16:50:46.337 [main] INFO  o.a.catalina.core.StandardService - Starting service [Tomcat]
16:50:46.338 [main] INFO  o.a.catalina.core.StandardEngine - Starting Servlet engine: [Apache Tomcat/9.0.17]
16:50:46.445 [main] INFO  o.a.c.c.C.[Tomcat].[localhost].[/] - Initializing Spring embedded WebApplicationContext
16:50:46.445 [main] INFO  o.s.web.context.ContextLoader - Root WebApplicationContext: initialization completed in 1439 ms
16:50:46.716 [main] INFO  o.s.s.c.ThreadPoolTaskExecutor - Initializing ExecutorService 'applicationTaskExecutor'
16:50:46.849 [main] INFO  c.a.d.s.b.a.DruidDataSourceAutoConfigure - Init DruidDataSource
16:50:46.922 [main] INFO  c.alibaba.druid.pool.DruidDataSource - {dataSource-1} inited
16:50:47.132 [main] INFO  o.a.coyote.http11.Http11NioProtocol - Starting ProtocolHandler ["http-nio-8080"]
16:50:47.159 [main] INFO  o.s.b.w.e.tomcat.TomcatWebServer - Tomcat started on port(s): 8080 (http) with context path ''
16:50:47.164 [main] INFO  r.r.homework4.Homework4Application - Started Homework4Application in 2.729 seconds (JVM running for 3.479)
16:50:56.448 [http-nio-8080-exec-1] INFO  o.a.c.c.C.[Tomcat].[localhost].[/] - Initializing Spring DispatcherServlet 'dispatcherServlet'
16:50:56.449 [http-nio-8080-exec-1] INFO  o.s.web.servlet.DispatcherServlet - Initializing Servlet 'dispatcherServlet'
16:50:56.458 [http-nio-8080-exec-1] INFO  o.s.web.servlet.DispatcherServlet - Completed initialization in 9 ms
16:52:22.661 [main] INFO  r.r.homework4.Homework4Application - Starting Homework4Application on DESKTOP-1E2HK3G with PID 13508 (C:\code\java\homework_4\target\classes started by tudou in C:\code\java\homework_4)
16:52:22.665 [main] INFO  r.r.homework4.Homework4Application - No active profile set, falling back to default profiles: default
16:52:23.461 [main] WARN  o.m.s.mapper.ClassPathMapperScanner - No MyBatis mapper was found in '[red.rock.homework4]' package. Please check your configuration.
16:52:24.127 [main] INFO  o.s.b.w.e.tomcat.TomcatWebServer - Tomcat initialized with port(s): 8080 (http)
16:52:24.141 [main] INFO  o.a.coyote.http11.Http11NioProtocol - Initializing ProtocolHandler ["http-nio-8080"]
16:52:24.151 [main] INFO  o.a.catalina.core.StandardService - Starting service [Tomcat]
16:52:24.151 [main] INFO  o.a.catalina.core.StandardEngine - Starting Servlet engine: [Apache Tomcat/9.0.17]
16:52:24.267 [main] INFO  o.a.c.c.C.[Tomcat].[localhost].[/] - Initializing Spring embedded WebApplicationContext
16:52:24.267 [main] INFO  o.s.web.context.ContextLoader - Root WebApplicationContext: initialization completed in 1541 ms
16:52:24.552 [main] INFO  o.s.s.c.ThreadPoolTaskExecutor - Initializing ExecutorService 'applicationTaskExecutor'
16:52:24.687 [main] INFO  c.a.d.s.b.a.DruidDataSourceAutoConfigure - Init DruidDataSource
16:52:24.790 [main] INFO  c.alibaba.druid.pool.DruidDataSource - {dataSource-1} inited
16:52:25.012 [main] INFO  o.a.coyote.http11.Http11NioProtocol - Starting ProtocolHandler ["http-nio-8080"]
16:52:25.037 [main] INFO  o.s.b.w.e.tomcat.TomcatWebServer - Tomcat started on port(s): 8080 (http) with context path ''
16:52:25.041 [main] INFO  r.r.homework4.Homework4Application - Started Homework4Application in 2.915 seconds (JVM running for 3.906)
16:52:42.853 [http-nio-8080-exec-1] INFO  o.a.c.c.C.[Tomcat].[localhost].[/] - Initializing Spring DispatcherServlet 'dispatcherServlet'
16:52:42.855 [http-nio-8080-exec-1] INFO  o.s.web.servlet.DispatcherServlet - Initializing Servlet 'dispatcherServlet'
16:52:42.868 [http-nio-8080-exec-1] INFO  o.s.web.servlet.DispatcherServlet - Completed initialization in 13 ms
16:54:54.832 [main] INFO  r.r.homework4.Homework4Application - Starting Homework4Application on DESKTOP-1E2HK3G with PID 5044 (C:\code\java\homework_4\target\classes started by tudou in C:\code\java\homework_4)
16:54:54.838 [main] INFO  r.r.homework4.Homework4Application - No active profile set, falling back to default profiles: default
16:54:56.097 [main] WARN  o.m.s.mapper.ClassPathMapperScanner - No MyBatis mapper was found in '[red.rock.homework4]' package. Please check your configuration.
16:54:57.149 [main] INFO  o.s.b.w.e.tomcat.TomcatWebServer - Tomcat initialized with port(s): 8080 (http)
16:54:57.188 [main] INFO  o.a.coyote.http11.Http11NioProtocol - Initializing ProtocolHandler ["http-nio-8080"]
16:54:57.205 [main] INFO  o.a.catalina.core.StandardService - Starting service [Tomcat]
16:54:57.206 [main] INFO  o.a.catalina.core.StandardEngine - Starting Servlet engine: [Apache Tomcat/9.0.17]
16:54:57.377 [main] INFO  o.a.c.c.C.[Tomcat].[localhost].[/] - Initializing Spring embedded WebApplicationContext
16:54:57.378 [main] INFO  o.s.web.context.ContextLoader - Root WebApplicationContext: initialization completed in 2451 ms
16:54:57.789 [main] INFO  o.s.s.c.ThreadPoolTaskExecutor - Initializing ExecutorService 'applicationTaskExecutor'
16:54:58.055 [main] INFO  c.a.d.s.b.a.DruidDataSourceAutoConfigure - Init DruidDataSource
16:54:58.203 [main] INFO  c.alibaba.druid.pool.DruidDataSource - {dataSource-1} inited
16:54:58.538 [main] INFO  o.a.coyote.http11.Http11NioProtocol - Starting ProtocolHandler ["http-nio-8080"]
16:54:58.575 [main] INFO  o.s.b.w.e.tomcat.TomcatWebServer - Tomcat started on port(s): 8080 (http) with context path ''
16:54:58.584 [main] INFO  r.r.homework4.Homework4Application - Started Homework4Application in 4.594 seconds (JVM running for 5.845)
16:55:06.485 [http-nio-8080-exec-1] INFO  o.a.c.c.C.[Tomcat].[localhost].[/] - Initializing Spring DispatcherServlet 'dispatcherServlet'
16:55:06.486 [http-nio-8080-exec-1] INFO  o.s.web.servlet.DispatcherServlet - Initializing Servlet 'dispatcherServlet'
16:55:06.498 [http-nio-8080-exec-1] INFO  o.s.web.servlet.DispatcherServlet - Completed initialization in 12 ms
