19:44:19.302 [main] INFO  r.r.homework4.Homework4Application - Starting Homework4Application on DESKTOP-1E2HK3G with PID 3296 (C:\code\java\homework_4\target\classes started by tudou in C:\code\java\homework_4)
19:44:19.327 [main] INFO  r.r.homework4.Homework4Application - No active profile set, falling back to default profiles: default
19:44:21.551 [main] INFO  o.s.d.r.c.RepositoryConfigurationDelegate - Multiple Spring Data modules found, entering strict repository configuration mode!
19:44:21.555 [main] INFO  o.s.d.r.c.RepositoryConfigurationDelegate - Bootstrapping Spring Data repositories in DEFAULT mode.
19:44:21.622 [main] INFO  o.s.d.r.c.RepositoryConfigurationDelegate - Finished Spring Data repository scanning in 34ms. Found 0 repository interfaces.
19:44:22.270 [main] INFO  o.s.c.s.PostProcessorRegistrationDelegate$BeanPostProcessorChecker - Bean 'org.springframework.transaction.annotation.ProxyTransactionManagementConfiguration' of type [org.springframework.transaction.annotation.ProxyTransactionManagementConfiguration$$EnhancerBySpringCGLIB$$40eec575] is not eligible for getting processed by all BeanPostProcessors (for example: not eligible for auto-proxying)
19:44:22.934 [main] INFO  o.s.b.w.e.tomcat.TomcatWebServer - Tomcat initialized with port(s): 8080 (http)
19:44:22.970 [main] INFO  o.a.coyote.http11.Http11NioProtocol - Initializing ProtocolHandler ["http-nio-8080"]
19:44:22.997 [main] INFO  o.a.catalina.core.StandardService - Starting service [Tomcat]
19:44:22.998 [main] INFO  o.a.catalina.core.StandardEngine - Starting Servlet engine: [Apache Tomcat/9.0.17]
19:44:23.261 [main] INFO  o.a.c.c.C.[Tomcat].[localhost].[/] - Initializing Spring embedded WebApplicationContext
19:44:23.262 [main] INFO  o.s.web.context.ContextLoader - Root WebApplicationContext: initialization completed in 3699 ms
19:44:23.485 [main] INFO  c.a.d.s.b.a.DruidDataSourceAutoConfigure - Init DruidDataSource
19:44:23.829 [main] INFO  c.alibaba.druid.pool.DruidDataSource - {dataSource-1} inited
19:44:24.557 [main] INFO  o.s.s.c.ThreadPoolTaskExecutor - Initializing ExecutorService 'applicationTaskExecutor'
19:44:25.540 [main] INFO  o.s.s.c.ThreadPoolTaskScheduler - Initializing ExecutorService 'taskScheduler'
19:44:25.680 [main] INFO  o.a.coyote.http11.Http11NioProtocol - Starting ProtocolHandler ["http-nio-8080"]
19:44:25.727 [main] INFO  o.s.b.w.e.tomcat.TomcatWebServer - Tomcat started on port(s): 8080 (http) with context path ''
19:44:25.739 [main] INFO  r.r.homework4.Homework4Application - Started Homework4Application in 7.964 seconds (JVM running for 11.074)
19:45:08.885 [http-nio-8080-exec-1] INFO  o.a.c.c.C.[Tomcat].[localhost].[/] - Initializing Spring DispatcherServlet 'dispatcherServlet'
19:45:08.887 [http-nio-8080-exec-1] INFO  o.s.web.servlet.DispatcherServlet - Initializing Servlet 'dispatcherServlet'
19:45:08.911 [http-nio-8080-exec-1] INFO  o.s.web.servlet.DispatcherServlet - Completed initialization in 23 ms
19:54:30.828 [main] INFO  r.r.homework4.Homework4Application - Starting Homework4Application on DESKTOP-1E2HK3G with PID 5372 (C:\code\java\homework_4\target\classes started by tudou in C:\code\java\homework_4)
19:54:30.842 [main] INFO  r.r.homework4.Homework4Application - No active profile set, falling back to default profiles: default
19:54:33.509 [main] INFO  o.s.d.r.c.RepositoryConfigurationDelegate - Multiple Spring Data modules found, entering strict repository configuration mode!
19:54:33.517 [main] INFO  o.s.d.r.c.RepositoryConfigurationDelegate - Bootstrapping Spring Data repositories in DEFAULT mode.
19:54:33.581 [main] INFO  o.s.d.r.c.RepositoryConfigurationDelegate - Finished Spring Data repository scanning in 40ms. Found 0 repository interfaces.
19:54:34.261 [main] INFO  o.s.c.s.PostProcessorRegistrationDelegate$BeanPostProcessorChecker - Bean 'org.springframework.transaction.annotation.ProxyTransactionManagementConfiguration' of type [org.springframework.transaction.annotation.ProxyTransactionManagementConfiguration$$EnhancerBySpringCGLIB$$7926e131] is not eligible for getting processed by all BeanPostProcessors (for example: not eligible for auto-proxying)
19:54:34.925 [main] INFO  o.s.b.w.e.tomcat.TomcatWebServer - Tomcat initialized with port(s): 8080 (http)
19:54:34.959 [main] INFO  o.a.coyote.http11.Http11NioProtocol - Initializing ProtocolHandler ["http-nio-8080"]
19:54:34.982 [main] INFO  o.a.catalina.core.StandardService - Starting service [Tomcat]
19:54:34.983 [main] INFO  o.a.catalina.core.StandardEngine - Starting Servlet engine: [Apache Tomcat/9.0.17]
19:54:35.231 [main] INFO  o.a.c.c.C.[Tomcat].[localhost].[/] - Initializing Spring embedded WebApplicationContext
19:54:35.232 [main] INFO  o.s.web.context.ContextLoader - Root WebApplicationContext: initialization completed in 4222 ms
19:54:35.462 [main] INFO  c.a.d.s.b.a.DruidDataSourceAutoConfigure - Init DruidDataSource
19:54:35.740 [main] INFO  c.alibaba.druid.pool.DruidDataSource - {dataSource-1} inited
19:54:35.993 [main] INFO  o.s.b.f.a.AutowiredAnnotationBeanPostProcessor - Autowired annotation is not supported on static fields: public static red.rock.homework4.Service.TeamService red.rock.homework4.Controller.TeamController.teamService
19:54:36.458 [main] INFO  o.s.s.c.ThreadPoolTaskExecutor - Initializing ExecutorService 'applicationTaskExecutor'
19:54:37.398 [main] INFO  o.s.s.c.ThreadPoolTaskScheduler - Initializing ExecutorService 'taskScheduler'
19:54:37.548 [main] INFO  o.a.coyote.http11.Http11NioProtocol - Starting ProtocolHandler ["http-nio-8080"]
19:54:37.621 [main] INFO  o.s.b.w.e.tomcat.TomcatWebServer - Tomcat started on port(s): 8080 (http) with context path ''
19:54:37.629 [main] INFO  r.r.homework4.Homework4Application - Started Homework4Application in 8.175 seconds (JVM running for 10.134)
19:54:45.323 [http-nio-8080-exec-1] INFO  o.a.c.c.C.[Tomcat].[localhost].[/] - Initializing Spring DispatcherServlet 'dispatcherServlet'
19:54:45.325 [http-nio-8080-exec-1] INFO  o.s.web.servlet.DispatcherServlet - Initializing Servlet 'dispatcherServlet'
19:54:45.345 [http-nio-8080-exec-1] INFO  o.s.web.servlet.DispatcherServlet - Completed initialization in 19 ms
19:56:02.011 [main] INFO  r.r.homework4.Homework4Application - Starting Homework4Application on DESKTOP-1E2HK3G with PID 6808 (C:\code\java\homework_4\target\classes started by tudou in C:\code\java\homework_4)
19:56:02.018 [main] INFO  r.r.homework4.Homework4Application - No active profile set, falling back to default profiles: default
19:56:04.455 [main] INFO  o.s.d.r.c.RepositoryConfigurationDelegate - Multiple Spring Data modules found, entering strict repository configuration mode!
19:56:04.460 [main] INFO  o.s.d.r.c.RepositoryConfigurationDelegate - Bootstrapping Spring Data repositories in DEFAULT mode.
19:56:04.525 [main] INFO  o.s.d.r.c.RepositoryConfigurationDelegate - Finished Spring Data repository scanning in 36ms. Found 0 repository interfaces.
19:56:05.228 [main] INFO  o.s.c.s.PostProcessorRegistrationDelegate$BeanPostProcessorChecker - Bean 'org.springframework.transaction.annotation.ProxyTransactionManagementConfiguration' of type [org.springframework.transaction.annotation.ProxyTransactionManagementConfiguration$$EnhancerBySpringCGLIB$$86d11ed0] is not eligible for getting processed by all BeanPostProcessors (for example: not eligible for auto-proxying)
19:56:05.852 [main] INFO  o.s.b.w.e.tomcat.TomcatWebServer - Tomcat initialized with port(s): 8080 (http)
19:56:05.884 [main] INFO  o.a.coyote.http11.Http11NioProtocol - Initializing ProtocolHandler ["http-nio-8080"]
19:56:05.905 [main] INFO  o.a.catalina.core.StandardService - Starting service [Tomcat]
19:56:05.906 [main] INFO  o.a.catalina.core.StandardEngine - Starting Servlet engine: [Apache Tomcat/9.0.17]
19:56:06.140 [main] INFO  o.a.c.c.C.[Tomcat].[localhost].[/] - Initializing Spring embedded WebApplicationContext
19:56:06.141 [main] INFO  o.s.web.context.ContextLoader - Root WebApplicationContext: initialization completed in 3953 ms
19:56:06.347 [main] INFO  c.a.d.s.b.a.DruidDataSourceAutoConfigure - Init DruidDataSource
19:56:06.606 [main] INFO  c.alibaba.druid.pool.DruidDataSource - {dataSource-1} inited
19:56:06.855 [main] INFO  o.s.b.f.a.AutowiredAnnotationBeanPostProcessor - Autowired annotation is not supported on static fields: public static red.rock.homework4.Service.TeamService red.rock.homework4.Controller.TeamController.teamService
19:56:07.309 [main] INFO  o.s.s.c.ThreadPoolTaskExecutor - Initializing ExecutorService 'applicationTaskExecutor'
19:56:08.156 [main] INFO  o.s.s.c.ThreadPoolTaskScheduler - Initializing ExecutorService 'taskScheduler'
19:56:08.307 [main] INFO  o.a.coyote.http11.Http11NioProtocol - Starting ProtocolHandler ["http-nio-8080"]
19:56:08.357 [main] INFO  o.s.b.w.e.tomcat.TomcatWebServer - Tomcat started on port(s): 8080 (http) with context path ''
19:56:08.367 [main] INFO  r.r.homework4.Homework4Application - Started Homework4Application in 7.464 seconds (JVM running for 9.288)
19:56:14.606 [http-nio-8080-exec-1] INFO  o.a.c.c.C.[Tomcat].[localhost].[/] - Initializing Spring DispatcherServlet 'dispatcherServlet'
19:56:14.608 [http-nio-8080-exec-1] INFO  o.s.web.servlet.DispatcherServlet - Initializing Servlet 'dispatcherServlet'
19:56:14.623 [http-nio-8080-exec-1] INFO  o.s.web.servlet.DispatcherServlet - Completed initialization in 15 ms
20:02:43.225 [main] INFO  r.r.homework4.Homework4Application - Starting Homework4Application on DESKTOP-1E2HK3G with PID 6016 (C:\code\java\homework_4\target\classes started by tudou in C:\code\java\homework_4)
20:02:43.235 [main] INFO  r.r.homework4.Homework4Application - No active profile set, falling back to default profiles: default
20:02:45.787 [main] INFO  o.s.d.r.c.RepositoryConfigurationDelegate - Multiple Spring Data modules found, entering strict repository configuration mode!
20:02:45.792 [main] INFO  o.s.d.r.c.RepositoryConfigurationDelegate - Bootstrapping Spring Data repositories in DEFAULT mode.
20:02:45.865 [main] INFO  o.s.d.r.c.RepositoryConfigurationDelegate - Finished Spring Data repository scanning in 37ms. Found 0 repository interfaces.
20:02:46.606 [main] INFO  o.s.c.s.PostProcessorRegistrationDelegate$BeanPostProcessorChecker - Bean 'org.springframework.transaction.annotation.ProxyTransactionManagementConfiguration' of type [org.springframework.transaction.annotation.ProxyTransactionManagementConfiguration$$EnhancerBySpringCGLIB$$7926e131] is not eligible for getting processed by all BeanPostProcessors (for example: not eligible for auto-proxying)
20:02:47.301 [main] INFO  o.s.b.w.e.tomcat.TomcatWebServer - Tomcat initialized with port(s): 8080 (http)
20:02:47.333 [main] INFO  o.a.coyote.http11.Http11NioProtocol - Initializing ProtocolHandler ["http-nio-8080"]
20:02:47.355 [main] INFO  o.a.catalina.core.StandardService - Starting service [Tomcat]
20:02:47.356 [main] INFO  o.a.catalina.core.StandardEngine - Starting Servlet engine: [Apache Tomcat/9.0.17]
20:02:47.701 [main] INFO  o.a.c.c.C.[Tomcat].[localhost].[/] - Initializing Spring embedded WebApplicationContext
20:02:47.702 [main] INFO  o.s.web.context.ContextLoader - Root WebApplicationContext: initialization completed in 4330 ms
20:02:47.936 [main] INFO  c.a.d.s.b.a.DruidDataSourceAutoConfigure - Init DruidDataSource
20:02:48.254 [main] INFO  c.alibaba.druid.pool.DruidDataSource - {dataSource-1} inited
20:02:48.537 [main] INFO  o.s.b.f.a.AutowiredAnnotationBeanPostProcessor - Autowired annotation is not supported on static fields: private static red.rock.homework4.Service.TeamService red.rock.homework4.Controller.TeamController.teamService
20:02:49.039 [main] INFO  o.s.s.c.ThreadPoolTaskExecutor - Initializing ExecutorService 'applicationTaskExecutor'
20:02:50.947 [main] INFO  o.s.s.c.ThreadPoolTaskScheduler - Initializing ExecutorService 'taskScheduler'
20:02:51.122 [main] INFO  o.a.coyote.http11.Http11NioProtocol - Starting ProtocolHandler ["http-nio-8080"]
20:02:51.203 [main] INFO  o.s.b.w.e.tomcat.TomcatWebServer - Tomcat started on port(s): 8080 (http) with context path ''
20:02:51.212 [main] INFO  r.r.homework4.Homework4Application - Started Homework4Application in 9.621 seconds (JVM running for 11.319)
20:05:02.651 [main] INFO  r.r.homework4.Homework4Application - Starting Homework4Application on DESKTOP-1E2HK3G with PID 8764 (C:\code\java\homework_4\target\classes started by tudou in C:\code\java\homework_4)
20:05:02.663 [main] INFO  r.r.homework4.Homework4Application - No active profile set, falling back to default profiles: default
20:05:05.578 [main] INFO  o.s.d.r.c.RepositoryConfigurationDelegate - Multiple Spring Data modules found, entering strict repository configuration mode!
20:05:05.582 [main] INFO  o.s.d.r.c.RepositoryConfigurationDelegate - Bootstrapping Spring Data repositories in DEFAULT mode.
20:05:05.648 [main] INFO  o.s.d.r.c.RepositoryConfigurationDelegate - Finished Spring Data repository scanning in 37ms. Found 0 repository interfaces.
20:05:06.371 [main] INFO  o.s.c.s.PostProcessorRegistrationDelegate$BeanPostProcessorChecker - Bean 'org.springframework.transaction.annotation.ProxyTransactionManagementConfiguration' of type [org.springframework.transaction.annotation.ProxyTransactionManagementConfiguration$$EnhancerBySpringCGLIB$$887f02cf] is not eligible for getting processed by all BeanPostProcessors (for example: not eligible for auto-proxying)
20:05:07.071 [main] INFO  o.s.b.w.e.tomcat.TomcatWebServer - Tomcat initialized with port(s): 8080 (http)
20:05:07.101 [main] INFO  o.a.coyote.http11.Http11NioProtocol - Initializing ProtocolHandler ["http-nio-8080"]
20:05:07.123 [main] INFO  o.a.catalina.core.StandardService - Starting service [Tomcat]
20:05:07.125 [main] INFO  o.a.catalina.core.StandardEngine - Starting Servlet engine: [Apache Tomcat/9.0.17]
20:05:07.373 [main] INFO  o.a.c.c.C.[Tomcat].[localhost].[/] - Initializing Spring embedded WebApplicationContext
20:05:07.374 [main] INFO  o.s.web.context.ContextLoader - Root WebApplicationContext: initialization completed in 4467 ms
20:05:07.612 [main] INFO  c.a.d.s.b.a.DruidDataSourceAutoConfigure - Init DruidDataSource
20:05:08.057 [main] INFO  c.alibaba.druid.pool.DruidDataSource - {dataSource-1} inited
20:05:08.348 [main] INFO  o.s.b.f.a.AutowiredAnnotationBeanPostProcessor - Autowired annotation is not supported on static fields: private static red.rock.homework4.Service.TeamService red.rock.homework4.Controller.TeamController.teamService
20:05:09.026 [main] INFO  o.s.s.c.ThreadPoolTaskExecutor - Initializing ExecutorService 'applicationTaskExecutor'
20:05:10.730 [main] INFO  o.s.s.c.ThreadPoolTaskScheduler - Initializing ExecutorService 'taskScheduler'
20:05:10.896 [main] INFO  o.a.coyote.http11.Http11NioProtocol - Starting ProtocolHandler ["http-nio-8080"]
20:05:10.955 [main] INFO  o.s.b.w.e.tomcat.TomcatWebServer - Tomcat started on port(s): 8080 (http) with context path ''
20:05:10.966 [main] INFO  r.r.homework4.Homework4Application - Started Homework4Application in 9.625 seconds (JVM running for 11.849)
20:05:22.304 [http-nio-8080-exec-2] INFO  o.a.c.c.C.[Tomcat].[localhost].[/] - Initializing Spring DispatcherServlet 'dispatcherServlet'
20:05:22.306 [http-nio-8080-exec-2] INFO  o.s.web.servlet.DispatcherServlet - Initializing Servlet 'dispatcherServlet'
20:05:22.324 [http-nio-8080-exec-2] INFO  o.s.web.servlet.DispatcherServlet - Completed initialization in 17 ms
20:07:53.009 [main] INFO  r.r.homework4.Homework4Application - Starting Homework4Application on DESKTOP-1E2HK3G with PID 15308 (C:\code\java\homework_4\target\classes started by tudou in C:\code\java\homework_4)
20:07:53.053 [main] INFO  r.r.homework4.Homework4Application - No active profile set, falling back to default profiles: default
20:08:00.422 [main] INFO  o.s.d.r.c.RepositoryConfigurationDelegate - Multiple Spring Data modules found, entering strict repository configuration mode!
20:08:00.429 [main] INFO  o.s.d.r.c.RepositoryConfigurationDelegate - Bootstrapping Spring Data repositories in DEFAULT mode.
20:08:00.604 [main] INFO  o.s.d.r.c.RepositoryConfigurationDelegate - Finished Spring Data repository scanning in 109ms. Found 0 repository interfaces.
20:08:03.336 [main] INFO  o.s.c.s.PostProcessorRegistrationDelegate$BeanPostProcessorChecker - Bean 'org.springframework.transaction.annotation.ProxyTransactionManagementConfiguration' of type [org.springframework.transaction.annotation.ProxyTransactionManagementConfiguration$$EnhancerBySpringCGLIB$$40eec575] is not eligible for getting processed by all BeanPostProcessors (for example: not eligible for auto-proxying)
20:08:05.422 [main] INFO  o.s.b.w.e.tomcat.TomcatWebServer - Tomcat initialized with port(s): 8080 (http)
20:08:05.494 [main] INFO  o.a.coyote.http11.Http11NioProtocol - Initializing ProtocolHandler ["http-nio-8080"]
20:08:05.517 [main] INFO  o.a.catalina.core.StandardService - Starting service [Tomcat]
20:08:05.518 [main] INFO  o.a.catalina.core.StandardEngine - Starting Servlet engine: [Apache Tomcat/9.0.17]
20:08:05.830 [main] INFO  o.a.c.c.C.[Tomcat].[localhost].[/] - Initializing Spring embedded WebApplicationContext
20:08:05.832 [main] INFO  o.s.web.context.ContextLoader - Root WebApplicationContext: initialization completed in 12568 ms
20:08:06.101 [main] INFO  c.a.d.s.b.a.DruidDataSourceAutoConfigure - Init DruidDataSource
20:08:06.477 [main] INFO  c.alibaba.druid.pool.DruidDataSource - {dataSource-1} inited
20:08:06.774 [main] INFO  o.s.b.f.a.AutowiredAnnotationBeanPostProcessor - Autowired annotation is not supported on static fields: private static red.rock.homework4.Service.TeamService red.rock.homework4.Controller.TeamController.teamService
20:08:07.221 [main] INFO  o.s.s.c.ThreadPoolTaskExecutor - Initializing ExecutorService 'applicationTaskExecutor'
20:08:08.483 [main] INFO  o.s.s.c.ThreadPoolTaskScheduler - Initializing ExecutorService 'taskScheduler'
20:08:08.733 [main] INFO  o.a.coyote.http11.Http11NioProtocol - Starting ProtocolHandler ["http-nio-8080"]
20:08:08.816 [main] INFO  o.s.b.w.e.tomcat.TomcatWebServer - Tomcat started on port(s): 8080 (http) with context path ''
20:08:08.829 [main] INFO  r.r.homework4.Homework4Application - Started Homework4Application in 17.004 seconds (JVM running for 18.932)
20:18:10.084 [http-nio-8080-exec-1] INFO  o.a.c.c.C.[Tomcat].[localhost].[/] - Initializing Spring DispatcherServlet 'dispatcherServlet'
20:18:10.086 [http-nio-8080-exec-1] INFO  o.s.web.servlet.DispatcherServlet - Initializing Servlet 'dispatcherServlet'
20:18:10.106 [http-nio-8080-exec-1] INFO  o.s.web.servlet.DispatcherServlet - Completed initialization in 20 ms
20:28:33.947 [main] INFO  r.r.homework4.Homework4Application - Starting Homework4Application on DESKTOP-1E2HK3G with PID 17344 (C:\code\java\homework_4\target\classes started by tudou in C:\code\java\homework_4)
20:28:33.956 [main] INFO  r.r.homework4.Homework4Application - No active profile set, falling back to default profiles: default
20:28:35.904 [main] INFO  o.s.d.r.c.RepositoryConfigurationDelegate - Multiple Spring Data modules found, entering strict repository configuration mode!
20:28:35.909 [main] INFO  o.s.d.r.c.RepositoryConfigurationDelegate - Bootstrapping Spring Data repositories in DEFAULT mode.
20:28:35.966 [main] INFO  o.s.d.r.c.RepositoryConfigurationDelegate - Finished Spring Data repository scanning in 33ms. Found 0 repository interfaces.
20:28:36.733 [main] INFO  o.s.c.s.PostProcessorRegistrationDelegate$BeanPostProcessorChecker - Bean 'org.springframework.transaction.annotation.ProxyTransactionManagementConfiguration' of type [org.springframework.transaction.annotation.ProxyTransactionManagementConfiguration$$EnhancerBySpringCGLIB$$4ea4e3ba] is not eligible for getting processed by all BeanPostProcessors (for example: not eligible for auto-proxying)
20:28:37.423 [main] INFO  o.s.b.w.e.tomcat.TomcatWebServer - Tomcat initialized with port(s): 8080 (http)
20:28:37.451 [main] INFO  o.a.coyote.http11.Http11NioProtocol - Initializing ProtocolHandler ["http-nio-8080"]
20:28:37.465 [main] INFO  o.a.catalina.core.StandardService - Starting service [Tomcat]
20:28:37.466 [main] INFO  o.a.catalina.core.StandardEngine - Starting Servlet engine: [Apache Tomcat/9.0.17]
20:28:37.626 [main] INFO  o.a.c.c.C.[Tomcat].[localhost].[/] - Initializing Spring embedded WebApplicationContext
20:28:37.626 [main] INFO  o.s.web.context.ContextLoader - Root WebApplicationContext: initialization completed in 3507 ms
20:28:37.750 [main] INFO  o.s.b.f.a.AutowiredAnnotationBeanPostProcessor - Autowired annotation is not supported on static fields: private static red.rock.homework4.Mapper.UserMapper red.rock.homework4.Service.UserService.userMapper
20:28:37.781 [main] INFO  c.a.d.s.b.a.DruidDataSourceAutoConfigure - Init DruidDataSource
20:28:38.016 [main] INFO  c.alibaba.druid.pool.DruidDataSource - {dataSource-1} inited
20:28:38.214 [main] INFO  o.s.b.f.a.AutowiredAnnotationBeanPostProcessor - Autowired annotation is not supported on static fields: private static red.rock.homework4.Service.TeamService red.rock.homework4.Controller.TeamController.teamService
20:28:38.557 [main] INFO  o.s.s.c.ThreadPoolTaskExecutor - Initializing ExecutorService 'applicationTaskExecutor'
20:28:39.228 [main] INFO  o.s.s.c.ThreadPoolTaskScheduler - Initializing ExecutorService 'taskScheduler'
20:28:39.331 [main] INFO  o.a.coyote.http11.Http11NioProtocol - Starting ProtocolHandler ["http-nio-8080"]
20:28:39.378 [main] INFO  o.s.b.w.e.tomcat.TomcatWebServer - Tomcat started on port(s): 8080 (http) with context path ''
20:28:39.387 [main] INFO  r.r.homework4.Homework4Application - Started Homework4Application in 6.566 seconds (JVM running for 8.803)
20:29:08.639 [http-nio-8080-exec-1] INFO  o.a.c.c.C.[Tomcat].[localhost].[/] - Initializing Spring DispatcherServlet 'dispatcherServlet'
20:29:08.640 [http-nio-8080-exec-1] INFO  o.s.web.servlet.DispatcherServlet - Initializing Servlet 'dispatcherServlet'
20:29:08.656 [http-nio-8080-exec-1] INFO  o.s.web.servlet.DispatcherServlet - Completed initialization in 16 ms
20:30:09.966 [main] INFO  r.r.homework4.Homework4Application - Starting Homework4Application on DESKTOP-1E2HK3G with PID 1224 (C:\code\java\homework_4\target\classes started by tudou in C:\code\java\homework_4)
20:30:09.974 [main] INFO  r.r.homework4.Homework4Application - No active profile set, falling back to default profiles: default
20:30:12.432 [main] INFO  o.s.d.r.c.RepositoryConfigurationDelegate - Multiple Spring Data modules found, entering strict repository configuration mode!
20:30:12.438 [main] INFO  o.s.d.r.c.RepositoryConfigurationDelegate - Bootstrapping Spring Data repositories in DEFAULT mode.
20:30:12.499 [main] INFO  o.s.d.r.c.RepositoryConfigurationDelegate - Finished Spring Data repository scanning in 33ms. Found 0 repository interfaces.
20:30:13.330 [main] INFO  o.s.c.s.PostProcessorRegistrationDelegate$BeanPostProcessorChecker - Bean 'org.springframework.transaction.annotation.ProxyTransactionManagementConfiguration' of type [org.springframework.transaction.annotation.ProxyTransactionManagementConfiguration$$EnhancerBySpringCGLIB$$d8920be4] is not eligible for getting processed by all BeanPostProcessors (for example: not eligible for auto-proxying)
20:30:13.964 [main] INFO  o.s.b.w.e.tomcat.TomcatWebServer - Tomcat initialized with port(s): 8080 (http)
20:30:13.990 [main] INFO  o.a.coyote.http11.Http11NioProtocol - Initializing ProtocolHandler ["http-nio-8080"]
20:30:14.032 [main] INFO  o.a.catalina.core.StandardService - Starting service [Tomcat]
20:30:14.033 [main] INFO  o.a.catalina.core.StandardEngine - Starting Servlet engine: [Apache Tomcat/9.0.17]
20:30:14.252 [main] INFO  o.a.c.c.C.[Tomcat].[localhost].[/] - Initializing Spring embedded WebApplicationContext
20:30:14.253 [main] INFO  o.s.web.context.ContextLoader - Root WebApplicationContext: initialization completed in 4081 ms
20:30:14.405 [main] INFO  o.s.b.f.a.AutowiredAnnotationBeanPostProcessor - Autowired annotation is not supported on static fields: private static red.rock.homework4.Mapper.UserMapper red.rock.homework4.Service.UserService.userMapper
20:30:14.450 [main] INFO  c.a.d.s.b.a.DruidDataSourceAutoConfigure - Init DruidDataSource
20:30:14.727 [main] INFO  c.alibaba.druid.pool.DruidDataSource - {dataSource-1} inited
20:30:14.961 [main] INFO  o.s.b.f.a.AutowiredAnnotationBeanPostProcessor - Autowired annotation is not supported on static fields: private static red.rock.homework4.Service.TeamService red.rock.homework4.Controller.TeamController.teamService
20:30:15.430 [main] INFO  o.s.s.c.ThreadPoolTaskExecutor - Initializing ExecutorService 'applicationTaskExecutor'
20:30:16.429 [main] INFO  o.s.s.c.ThreadPoolTaskScheduler - Initializing ExecutorService 'taskScheduler'
20:30:16.599 [main] INFO  o.a.coyote.http11.Http11NioProtocol - Starting ProtocolHandler ["http-nio-8080"]
20:30:16.660 [main] INFO  o.s.b.w.e.tomcat.TomcatWebServer - Tomcat started on port(s): 8080 (http) with context path ''
20:30:16.668 [main] INFO  r.r.homework4.Homework4Application - Started Homework4Application in 8.141 seconds (JVM running for 10.178)
20:30:29.680 [http-nio-8080-exec-1] INFO  o.a.c.c.C.[Tomcat].[localhost].[/] - Initializing Spring DispatcherServlet 'dispatcherServlet'
20:30:29.682 [http-nio-8080-exec-1] INFO  o.s.web.servlet.DispatcherServlet - Initializing Servlet 'dispatcherServlet'
20:30:29.700 [http-nio-8080-exec-1] INFO  o.s.web.servlet.DispatcherServlet - Completed initialization in 18 ms
20:30:29.803 [http-nio-8080-exec-1] ERROR o.a.c.c.C.[.[.[.[dispatcherServlet] - Servlet.service() for servlet [dispatcherServlet] in context with path [] threw exception [Request processing failed; nested exception is java.lang.NullPointerException] with root cause
java.lang.NullPointerException: null
	at red.rock.homework4.Controller.TeamController.getAllTeamInformation(TeamController.java:34)
	at java.base/jdk.internal.reflect.NativeMethodAccessorImpl.invoke0(Native Method)
	at java.base/jdk.internal.reflect.NativeMethodAccessorImpl.invoke(NativeMethodAccessorImpl.java:62)
	at java.base/jdk.internal.reflect.DelegatingMethodAccessorImpl.invoke(DelegatingMethodAccessorImpl.java:43)
	at java.base/java.lang.reflect.Method.invoke(Method.java:567)
	at org.springframework.web.method.support.InvocableHandlerMethod.doInvoke(InvocableHandlerMethod.java:189)
	at org.springframework.web.method.support.InvocableHandlerMethod.invokeForRequest(InvocableHandlerMethod.java:138)
	at org.springframework.web.servlet.mvc.method.annotation.ServletInvocableHandlerMethod.invokeAndHandle(ServletInvocableHandlerMethod.java:102)
	at org.springframework.web.servlet.mvc.method.annotation.RequestMappingHandlerAdapter.invokeHandlerMethod(RequestMappingHandlerAdapter.java:892)
	at org.springframework.web.servlet.mvc.method.annotation.RequestMappingHandlerAdapter.handleInternal(RequestMappingHandlerAdapter.java:797)
	at org.springframework.web.servlet.mvc.method.AbstractHandlerMethodAdapter.handle(AbstractHandlerMethodAdapter.java:87)
	at org.springframework.web.servlet.DispatcherServlet.doDispatch(DispatcherServlet.java:1038)
	at org.springframework.web.servlet.DispatcherServlet.doService(DispatcherServlet.java:942)
	at org.springframework.web.servlet.FrameworkServlet.processRequest(FrameworkServlet.java:1005)
	at org.springframework.web.servlet.FrameworkServlet.doGet(FrameworkServlet.java:897)
	at javax.servlet.http.HttpServlet.service(HttpServlet.java:634)
	at org.springframework.web.servlet.FrameworkServlet.service(FrameworkServlet.java:882)
	at javax.servlet.http.HttpServlet.service(HttpServlet.java:741)
	at org.apache.catalina.core.ApplicationFilterChain.internalDoFilter(ApplicationFilterChain.java:231)
	at org.apache.catalina.core.ApplicationFilterChain.doFilter(ApplicationFilterChain.java:166)
	at org.apache.tomcat.websocket.server.WsFilter.doFilter(WsFilter.java:53)
	at org.apache.catalina.core.ApplicationFilterChain.internalDoFilter(ApplicationFilterChain.java:193)
	at org.apache.catalina.core.ApplicationFilterChain.doFilter(ApplicationFilterChain.java:166)
	at com.alibaba.druid.support.http.WebStatFilter.doFilter(WebStatFilter.java:123)
	at org.apache.catalina.core.ApplicationFilterChain.internalDoFilter(ApplicationFilterChain.java:193)
	at org.apache.catalina.core.ApplicationFilterChain.doFilter(ApplicationFilterChain.java:166)
	at org.springframework.web.filter.RequestContextFilter.doFilterInternal(RequestContextFilter.java:99)
	at org.springframework.web.filter.OncePerRequestFilter.doFilter(OncePerRequestFilter.java:107)
	at org.apache.catalina.core.ApplicationFilterChain.internalDoFilter(ApplicationFilterChain.java:193)
	at org.apache.catalina.core.ApplicationFilterChain.doFilter(ApplicationFilterChain.java:166)
	at org.springframework.web.filter.FormContentFilter.doFilterInternal(FormContentFilter.java:92)
	at org.springframework.web.filter.OncePerRequestFilter.doFilter(OncePerRequestFilter.java:107)
	at org.apache.catalina.core.ApplicationFilterChain.internalDoFilter(ApplicationFilterChain.java:193)
	at org.apache.catalina.core.ApplicationFilterChain.doFilter(ApplicationFilterChain.java:166)
	at org.springframework.web.filter.HiddenHttpMethodFilter.doFilterInternal(HiddenHttpMethodFilter.java:93)
	at org.springframework.web.filter.OncePerRequestFilter.doFilter(OncePerRequestFilter.java:107)
	at org.apache.catalina.core.ApplicationFilterChain.internalDoFilter(ApplicationFilterChain.java:193)
	at org.apache.catalina.core.ApplicationFilterChain.doFilter(ApplicationFilterChain.java:166)
	at org.springframework.web.filter.CharacterEncodingFilter.doFilterInternal(CharacterEncodingFilter.java:200)
	at org.springframework.web.filter.OncePerRequestFilter.doFilter(OncePerRequestFilter.java:107)
	at org.apache.catalina.core.ApplicationFilterChain.internalDoFilter(ApplicationFilterChain.java:193)
	at org.apache.catalina.core.ApplicationFilterChain.doFilter(ApplicationFilterChain.java:166)
	at org.apache.catalina.core.StandardWrapperValve.invoke(StandardWrapperValve.java:200)
	at org.apache.catalina.core.StandardContextValve.invoke(StandardContextValve.java:96)
	at org.apache.catalina.authenticator.AuthenticatorBase.invoke(AuthenticatorBase.java:490)
	at org.apache.catalina.core.StandardHostValve.invoke(StandardHostValve.java:139)
	at org.apache.catalina.valves.ErrorReportValve.invoke(ErrorReportValve.java:92)
	at org.apache.catalina.core.StandardEngineValve.invoke(StandardEngineValve.java:74)
	at org.apache.catalina.connector.CoyoteAdapter.service(CoyoteAdapter.java:343)
	at org.apache.coyote.http11.Http11Processor.service(Http11Processor.java:408)
	at org.apache.coyote.AbstractProcessorLight.process(AbstractProcessorLight.java:66)
	at org.apache.coyote.AbstractProtocol$ConnectionHandler.process(AbstractProtocol.java:834)
	at org.apache.tomcat.util.net.NioEndpoint$SocketProcessor.doRun(NioEndpoint.java:1415)
	at org.apache.tomcat.util.net.SocketProcessorBase.run(SocketProcessorBase.java:49)
	at java.base/java.util.concurrent.ThreadPoolExecutor.runWorker(ThreadPoolExecutor.java:1128)
	at java.base/java.util.concurrent.ThreadPoolExecutor$Worker.run(ThreadPoolExecutor.java:628)
	at org.apache.tomcat.util.threads.TaskThread$WrappingRunnable.run(TaskThread.java:61)
	at java.base/java.lang.Thread.run(Thread.java:835)
20:32:35.344 [main] INFO  r.r.homework4.Homework4Application - Starting Homework4Application on DESKTOP-1E2HK3G with PID 15100 (C:\code\java\homework_4\target\classes started by tudou in C:\code\java\homework_4)
20:32:35.351 [main] INFO  r.r.homework4.Homework4Application - No active profile set, falling back to default profiles: default
20:32:37.811 [main] INFO  o.s.d.r.c.RepositoryConfigurationDelegate - Multiple Spring Data modules found, entering strict repository configuration mode!
20:32:37.816 [main] INFO  o.s.d.r.c.RepositoryConfigurationDelegate - Bootstrapping Spring Data repositories in DEFAULT mode.
20:32:37.879 [main] INFO  o.s.d.r.c.RepositoryConfigurationDelegate - Finished Spring Data repository scanning in 35ms. Found 0 repository interfaces.
20:32:38.593 [main] INFO  o.s.c.s.PostProcessorRegistrationDelegate$BeanPostProcessorChecker - Bean 'org.springframework.transaction.annotation.ProxyTransactionManagementConfiguration' of type [org.springframework.transaction.annotation.ProxyTransactionManagementConfiguration$$EnhancerBySpringCGLIB$$193397b1] is not eligible for getting processed by all BeanPostProcessors (for example: not eligible for auto-proxying)
20:32:39.249 [main] INFO  o.s.b.w.e.tomcat.TomcatWebServer - Tomcat initialized with port(s): 8080 (http)
20:32:39.288 [main] INFO  o.a.coyote.http11.Http11NioProtocol - Initializing ProtocolHandler ["http-nio-8080"]
20:32:39.311 [main] INFO  o.a.catalina.core.StandardService - Starting service [Tomcat]
20:32:39.312 [main] INFO  o.a.catalina.core.StandardEngine - Starting Servlet engine: [Apache Tomcat/9.0.17]
20:32:39.550 [main] INFO  o.a.c.c.C.[Tomcat].[localhost].[/] - Initializing Spring embedded WebApplicationContext
20:32:39.551 [main] INFO  o.s.web.context.ContextLoader - Root WebApplicationContext: initialization completed in 4042 ms
20:32:39.736 [main] INFO  o.s.b.f.a.AutowiredAnnotationBeanPostProcessor - Autowired annotation is not supported on static fields: private static red.rock.homework4.Mapper.UserMapper red.rock.homework4.Service.UserService.userMapper
20:32:39.779 [main] INFO  c.a.d.s.b.a.DruidDataSourceAutoConfigure - Init DruidDataSource
20:32:40.044 [main] INFO  c.alibaba.druid.pool.DruidDataSource - {dataSource-1} inited
20:32:40.757 [main] INFO  o.s.s.c.ThreadPoolTaskExecutor - Initializing ExecutorService 'applicationTaskExecutor'
20:32:41.651 [main] INFO  o.s.s.c.ThreadPoolTaskScheduler - Initializing ExecutorService 'taskScheduler'
20:32:41.789 [main] INFO  o.a.coyote.http11.Http11NioProtocol - Starting ProtocolHandler ["http-nio-8080"]
20:32:41.839 [main] INFO  o.s.b.w.e.tomcat.TomcatWebServer - Tomcat started on port(s): 8080 (http) with context path ''
20:32:41.847 [main] INFO  r.r.homework4.Homework4Application - Started Homework4Application in 7.523 seconds (JVM running for 9.549)
20:32:49.471 [http-nio-8080-exec-1] INFO  o.a.c.c.C.[Tomcat].[localhost].[/] - Initializing Spring DispatcherServlet 'dispatcherServlet'
20:32:49.472 [http-nio-8080-exec-1] INFO  o.s.web.servlet.DispatcherServlet - Initializing Servlet 'dispatcherServlet'
20:32:49.493 [http-nio-8080-exec-1] INFO  o.s.web.servlet.DispatcherServlet - Completed initialization in 20 ms
20:36:59.786 [http-nio-8080-exec-1] WARN  o.a.c.util.SessionIdGeneratorBase - Creation of SecureRandom instance for session ID generation using [SHA1PRNG] took [322] milliseconds.
20:40:06.326 [main] INFO  r.r.homework4.Homework4Application - Starting Homework4Application on DESKTOP-1E2HK3G with PID 16716 (C:\code\java\homework_4\target\classes started by tudou in C:\code\java\homework_4)
20:40:06.333 [main] INFO  r.r.homework4.Homework4Application - No active profile set, falling back to default profiles: default
20:40:08.691 [main] INFO  o.s.d.r.c.RepositoryConfigurationDelegate - Multiple Spring Data modules found, entering strict repository configuration mode!
20:40:08.698 [main] INFO  o.s.d.r.c.RepositoryConfigurationDelegate - Bootstrapping Spring Data repositories in DEFAULT mode.
20:40:08.763 [main] INFO  o.s.d.r.c.RepositoryConfigurationDelegate - Finished Spring Data repository scanning in 34ms. Found 0 repository interfaces.
20:40:09.421 [main] INFO  o.s.c.s.PostProcessorRegistrationDelegate$BeanPostProcessorChecker - Bean 'org.springframework.transaction.annotation.ProxyTransactionManagementConfiguration' of type [org.springframework.transaction.annotation.ProxyTransactionManagementConfiguration$$EnhancerBySpringCGLIB$$b3b08d83] is not eligible for getting processed by all BeanPostProcessors (for example: not eligible for auto-proxying)
20:40:10.064 [main] INFO  o.s.b.w.e.tomcat.TomcatWebServer - Tomcat initialized with port(s): 8080 (http)
20:40:10.094 [main] INFO  o.a.coyote.http11.Http11NioProtocol - Initializing ProtocolHandler ["http-nio-8080"]
20:40:10.113 [main] INFO  o.a.catalina.core.StandardService - Starting service [Tomcat]
20:40:10.114 [main] INFO  o.a.catalina.core.StandardEngine - Starting Servlet engine: [Apache Tomcat/9.0.17]
20:40:10.334 [main] INFO  o.a.c.c.C.[Tomcat].[localhost].[/] - Initializing Spring embedded WebApplicationContext
20:40:10.334 [main] INFO  o.s.web.context.ContextLoader - Root WebApplicationContext: initialization completed in 3827 ms
20:40:10.530 [main] INFO  c.a.d.s.b.a.DruidDataSourceAutoConfigure - Init DruidDataSource
20:40:10.801 [main] INFO  c.alibaba.druid.pool.DruidDataSource - {dataSource-1} inited
20:40:11.470 [main] INFO  o.s.s.c.ThreadPoolTaskExecutor - Initializing ExecutorService 'applicationTaskExecutor'
20:40:12.314 [main] INFO  o.s.s.c.ThreadPoolTaskScheduler - Initializing ExecutorService 'taskScheduler'
20:40:12.457 [main] INFO  o.a.coyote.http11.Http11NioProtocol - Starting ProtocolHandler ["http-nio-8080"]
20:40:12.510 [main] INFO  o.s.b.w.e.tomcat.TomcatWebServer - Tomcat started on port(s): 8080 (http) with context path ''
20:40:12.520 [main] INFO  r.r.homework4.Homework4Application - Started Homework4Application in 7.233 seconds (JVM running for 8.939)
20:40:40.002 [http-nio-8080-exec-1] INFO  o.a.c.c.C.[Tomcat].[localhost].[/] - Initializing Spring DispatcherServlet 'dispatcherServlet'
20:40:40.003 [http-nio-8080-exec-1] INFO  o.s.web.servlet.DispatcherServlet - Initializing Servlet 'dispatcherServlet'
20:40:40.019 [http-nio-8080-exec-1] INFO  o.s.web.servlet.DispatcherServlet - Completed initialization in 15 ms
20:40:41.662 [http-nio-8080-exec-2] WARN  o.a.c.util.SessionIdGeneratorBase - Creation of SecureRandom instance for session ID generation using [SHA1PRNG] took [320] milliseconds.
20:41:55.008 [main] INFO  r.r.homework4.Homework4Application - Starting Homework4Application on DESKTOP-1E2HK3G with PID 6916 (C:\code\java\homework_4\target\classes started by tudou in C:\code\java\homework_4)
20:41:55.013 [main] INFO  r.r.homework4.Homework4Application - No active profile set, falling back to default profiles: default
20:41:57.597 [main] INFO  o.s.d.r.c.RepositoryConfigurationDelegate - Multiple Spring Data modules found, entering strict repository configuration mode!
20:41:57.601 [main] INFO  o.s.d.r.c.RepositoryConfigurationDelegate - Bootstrapping Spring Data repositories in DEFAULT mode.
20:41:57.669 [main] INFO  o.s.d.r.c.RepositoryConfigurationDelegate - Finished Spring Data repository scanning in 37ms. Found 0 repository interfaces.
20:41:58.378 [main] INFO  o.s.c.s.PostProcessorRegistrationDelegate$BeanPostProcessorChecker - Bean 'org.springframework.transaction.annotation.ProxyTransactionManagementConfiguration' of type [org.springframework.transaction.annotation.ProxyTransactionManagementConfiguration$$EnhancerBySpringCGLIB$$bdb7a6d5] is not eligible for getting processed by all BeanPostProcessors (for example: not eligible for auto-proxying)
20:41:59.071 [main] INFO  o.s.b.w.e.tomcat.TomcatWebServer - Tomcat initialized with port(s): 8080 (http)
20:41:59.105 [main] INFO  o.a.coyote.http11.Http11NioProtocol - Initializing ProtocolHandler ["http-nio-8080"]
20:41:59.128 [main] INFO  o.a.catalina.core.StandardService - Starting service [Tomcat]
20:41:59.129 [main] INFO  o.a.catalina.core.StandardEngine - Starting Servlet engine: [Apache Tomcat/9.0.17]
20:41:59.398 [main] INFO  o.a.c.c.C.[Tomcat].[localhost].[/] - Initializing Spring embedded WebApplicationContext
20:41:59.399 [main] INFO  o.s.web.context.ContextLoader - Root WebApplicationContext: initialization completed in 4230 ms
20:41:59.653 [main] INFO  c.a.d.s.b.a.DruidDataSourceAutoConfigure - Init DruidDataSource
20:42:00.014 [main] INFO  c.alibaba.druid.pool.DruidDataSource - {dataSource-1} inited
20:42:00.868 [main] INFO  o.s.s.c.ThreadPoolTaskExecutor - Initializing ExecutorService 'applicationTaskExecutor'
20:42:01.811 [main] INFO  o.s.s.c.ThreadPoolTaskScheduler - Initializing ExecutorService 'taskScheduler'
20:42:01.946 [main] INFO  o.a.coyote.http11.Http11NioProtocol - Starting ProtocolHandler ["http-nio-8080"]
20:42:01.994 [main] INFO  o.s.b.w.e.tomcat.TomcatWebServer - Tomcat started on port(s): 8080 (http) with context path ''
20:42:02.002 [main] INFO  r.r.homework4.Homework4Application - Started Homework4Application in 8.165 seconds (JVM running for 10.182)
20:42:04.286 [http-nio-8080-exec-3] INFO  o.a.c.c.C.[Tomcat].[localhost].[/] - Initializing Spring DispatcherServlet 'dispatcherServlet'
20:42:04.288 [http-nio-8080-exec-3] INFO  o.s.web.servlet.DispatcherServlet - Initializing Servlet 'dispatcherServlet'
20:42:04.303 [http-nio-8080-exec-3] INFO  o.s.web.servlet.DispatcherServlet - Completed initialization in 14 ms
20:42:05.512 [http-nio-8080-exec-2] WARN  o.a.c.util.SessionIdGeneratorBase - Creation of SecureRandom instance for session ID generation using [SHA1PRNG] took [271] milliseconds.
20:42:07.321 [http-nio-8080-exec-1] WARN  o.s.w.s.m.s.DefaultHandlerExceptionResolver - Resolved [org.springframework.web.bind.MissingServletRequestParameterException: Required int parameter 'entityId' is not present]
20:44:05.420 [main] INFO  r.r.homework4.Homework4Application - Starting Homework4Application on DESKTOP-1E2HK3G with PID 6832 (C:\code\java\homework_4\target\classes started by tudou in C:\code\java\homework_4)
20:44:05.428 [main] INFO  r.r.homework4.Homework4Application - No active profile set, falling back to default profiles: default
20:44:08.608 [main] INFO  o.s.d.r.c.RepositoryConfigurationDelegate - Multiple Spring Data modules found, entering strict repository configuration mode!
20:44:08.615 [main] INFO  o.s.d.r.c.RepositoryConfigurationDelegate - Bootstrapping Spring Data repositories in DEFAULT mode.
20:44:08.695 [main] INFO  o.s.d.r.c.RepositoryConfigurationDelegate - Finished Spring Data repository scanning in 43ms. Found 0 repository interfaces.
20:44:09.391 [main] INFO  o.s.c.s.PostProcessorRegistrationDelegate$BeanPostProcessorChecker - Bean 'org.springframework.transaction.annotation.ProxyTransactionManagementConfiguration' of type [org.springframework.transaction.annotation.ProxyTransactionManagementConfiguration$$EnhancerBySpringCGLIB$$82ecfc14] is not eligible for getting processed by all BeanPostProcessors (for example: not eligible for auto-proxying)
20:44:10.173 [main] INFO  o.s.b.w.e.tomcat.TomcatWebServer - Tomcat initialized with port(s): 8080 (http)
20:44:10.209 [main] INFO  o.a.coyote.http11.Http11NioProtocol - Initializing ProtocolHandler ["http-nio-8080"]
20:44:10.234 [main] INFO  o.a.catalina.core.StandardService - Starting service [Tomcat]
20:44:10.235 [main] INFO  o.a.catalina.core.StandardEngine - Starting Servlet engine: [Apache Tomcat/9.0.17]
20:44:10.710 [main] INFO  o.a.c.c.C.[Tomcat].[localhost].[/] - Initializing Spring embedded WebApplicationContext
20:44:10.711 [main] INFO  o.s.web.context.ContextLoader - Root WebApplicationContext: initialization completed in 5108 ms
20:44:11.034 [main] INFO  c.a.d.s.b.a.DruidDataSourceAutoConfigure - Init DruidDataSource
20:44:11.385 [main] INFO  c.alibaba.druid.pool.DruidDataSource - {dataSource-1} inited
20:44:12.047 [main] INFO  o.s.s.c.ThreadPoolTaskExecutor - Initializing ExecutorService 'applicationTaskExecutor'
20:44:12.966 [main] INFO  o.s.s.c.ThreadPoolTaskScheduler - Initializing ExecutorService 'taskScheduler'
20:44:13.107 [main] INFO  o.a.coyote.http11.Http11NioProtocol - Starting ProtocolHandler ["http-nio-8080"]
20:44:13.157 [main] INFO  o.s.b.w.e.tomcat.TomcatWebServer - Tomcat started on port(s): 8080 (http) with context path ''
20:44:13.164 [main] INFO  r.r.homework4.Homework4Application - Started Homework4Application in 9.159 seconds (JVM running for 11.222)
20:44:23.602 [http-nio-8080-exec-1] INFO  o.a.c.c.C.[Tomcat].[localhost].[/] - Initializing Spring DispatcherServlet 'dispatcherServlet'
20:44:23.604 [http-nio-8080-exec-1] INFO  o.s.web.servlet.DispatcherServlet - Initializing Servlet 'dispatcherServlet'
20:44:23.622 [http-nio-8080-exec-1] INFO  o.s.web.servlet.DispatcherServlet - Completed initialization in 18 ms
20:44:24.978 [http-nio-8080-exec-2] WARN  o.a.c.util.SessionIdGeneratorBase - Creation of SecureRandom instance for session ID generation using [SHA1PRNG] took [294] milliseconds.
20:46:02.965 [main] INFO  r.r.homework4.Homework4Application - Starting Homework4Application on DESKTOP-1E2HK3G with PID 3632 (C:\code\java\homework_4\target\classes started by tudou in C:\code\java\homework_4)
20:46:02.977 [main] INFO  r.r.homework4.Homework4Application - No active profile set, falling back to default profiles: default
20:46:05.791 [main] INFO  o.s.d.r.c.RepositoryConfigurationDelegate - Multiple Spring Data modules found, entering strict repository configuration mode!
20:46:05.797 [main] INFO  o.s.d.r.c.RepositoryConfigurationDelegate - Bootstrapping Spring Data repositories in DEFAULT mode.
20:46:05.871 [main] INFO  o.s.d.r.c.RepositoryConfigurationDelegate - Finished Spring Data repository scanning in 42ms. Found 0 repository interfaces.
20:46:06.733 [main] INFO  o.s.c.s.PostProcessorRegistrationDelegate$BeanPostProcessorChecker - Bean 'org.springframework.transaction.annotation.ProxyTransactionManagementConfiguration' of type [org.springframework.transaction.annotation.ProxyTransactionManagementConfiguration$$EnhancerBySpringCGLIB$$f4df1a3f] is not eligible for getting processed by all BeanPostProcessors (for example: not eligible for auto-proxying)
20:46:07.522 [main] INFO  o.s.b.w.e.tomcat.TomcatWebServer - Tomcat initialized with port(s): 8080 (http)
20:46:07.563 [main] INFO  o.a.coyote.http11.Http11NioProtocol - Initializing ProtocolHandler ["http-nio-8080"]
20:46:07.596 [main] INFO  o.a.catalina.core.StandardService - Starting service [Tomcat]
20:46:07.598 [main] INFO  o.a.catalina.core.StandardEngine - Starting Servlet engine: [Apache Tomcat/9.0.17]
20:46:07.856 [main] INFO  o.a.c.c.C.[Tomcat].[localhost].[/] - Initializing Spring embedded WebApplicationContext
20:46:07.857 [main] INFO  o.s.web.context.ContextLoader - Root WebApplicationContext: initialization completed in 4640 ms
20:46:08.052 [main] INFO  c.a.d.s.b.a.DruidDataSourceAutoConfigure - Init DruidDataSource
20:46:08.396 [main] INFO  c.alibaba.druid.pool.DruidDataSource - {dataSource-1} inited
20:46:09.233 [main] INFO  o.s.s.c.ThreadPoolTaskExecutor - Initializing ExecutorService 'applicationTaskExecutor'
20:46:10.295 [main] INFO  o.s.s.c.ThreadPoolTaskScheduler - Initializing ExecutorService 'taskScheduler'
20:46:10.496 [main] INFO  o.a.coyote.http11.Http11NioProtocol - Starting ProtocolHandler ["http-nio-8080"]
20:46:10.562 [main] INFO  o.s.b.w.e.tomcat.TomcatWebServer - Tomcat started on port(s): 8080 (http) with context path ''
20:46:10.573 [main] INFO  r.r.homework4.Homework4Application - Started Homework4Application in 9.075 seconds (JVM running for 11.556)
20:47:01.875 [main] INFO  r.r.homework4.Homework4Application - Starting Homework4Application on DESKTOP-1E2HK3G with PID 17348 (C:\code\java\homework_4\target\classes started by tudou in C:\code\java\homework_4)
20:47:01.890 [main] INFO  r.r.homework4.Homework4Application - No active profile set, falling back to default profiles: default
20:47:05.406 [main] INFO  o.s.d.r.c.RepositoryConfigurationDelegate - Multiple Spring Data modules found, entering strict repository configuration mode!
20:47:05.414 [main] INFO  o.s.d.r.c.RepositoryConfigurationDelegate - Bootstrapping Spring Data repositories in DEFAULT mode.
20:47:05.510 [main] INFO  o.s.d.r.c.RepositoryConfigurationDelegate - Finished Spring Data repository scanning in 44ms. Found 0 repository interfaces.
20:47:06.284 [main] INFO  o.s.c.s.PostProcessorRegistrationDelegate$BeanPostProcessorChecker - Bean 'org.springframework.transaction.annotation.ProxyTransactionManagementConfiguration' of type [org.springframework.transaction.annotation.ProxyTransactionManagementConfiguration$$EnhancerBySpringCGLIB$$96a6d0fe] is not eligible for getting processed by all BeanPostProcessors (for example: not eligible for auto-proxying)
20:47:06.954 [main] INFO  o.s.b.w.e.tomcat.TomcatWebServer - Tomcat initialized with port(s): 8080 (http)
20:47:06.987 [main] INFO  o.a.coyote.http11.Http11NioProtocol - Initializing ProtocolHandler ["http-nio-8080"]
20:47:07.010 [main] INFO  o.a.catalina.core.StandardService - Starting service [Tomcat]
20:47:07.011 [main] INFO  o.a.catalina.core.StandardEngine - Starting Servlet engine: [Apache Tomcat/9.0.17]
20:47:07.247 [main] INFO  o.a.c.c.C.[Tomcat].[localhost].[/] - Initializing Spring embedded WebApplicationContext
20:47:07.248 [main] INFO  o.s.web.context.ContextLoader - Root WebApplicationContext: initialization completed in 4726 ms
20:47:07.431 [main] INFO  c.a.d.s.b.a.DruidDataSourceAutoConfigure - Init DruidDataSource
20:47:07.715 [main] INFO  c.alibaba.druid.pool.DruidDataSource - {dataSource-1} inited
20:47:08.369 [main] INFO  o.s.s.c.ThreadPoolTaskExecutor - Initializing ExecutorService 'applicationTaskExecutor'
20:47:09.240 [main] INFO  o.s.s.c.ThreadPoolTaskScheduler - Initializing ExecutorService 'taskScheduler'
20:47:09.375 [main] INFO  o.a.coyote.http11.Http11NioProtocol - Starting ProtocolHandler ["http-nio-8080"]
20:47:09.424 [main] INFO  o.s.b.w.e.tomcat.TomcatWebServer - Tomcat started on port(s): 8080 (http) with context path ''
20:47:09.433 [main] INFO  r.r.homework4.Homework4Application - Started Homework4Application in 10.354 seconds (JVM running for 12.694)
20:47:20.181 [http-nio-8080-exec-1] INFO  o.a.c.c.C.[Tomcat].[localhost].[/] - Initializing Spring DispatcherServlet 'dispatcherServlet'
20:47:20.183 [http-nio-8080-exec-1] INFO  o.s.web.servlet.DispatcherServlet - Initializing Servlet 'dispatcherServlet'
20:47:20.208 [http-nio-8080-exec-1] INFO  o.s.web.servlet.DispatcherServlet - Completed initialization in 25 ms
21:18:51.434 [main] INFO  r.r.homework4.Homework4Application - Starting Homework4Application on DESKTOP-1E2HK3G with PID 17256 (C:\code\java\homework_4\target\classes started by tudou in C:\code\java\homework_4)
21:18:51.441 [main] INFO  r.r.homework4.Homework4Application - No active profile set, falling back to default profiles: default
21:18:52.637 [main] INFO  o.s.d.r.c.RepositoryConfigurationDelegate - Multiple Spring Data modules found, entering strict repository configuration mode!
21:18:52.639 [main] INFO  o.s.d.r.c.RepositoryConfigurationDelegate - Bootstrapping Spring Data repositories in DEFAULT mode.
21:18:52.696 [main] INFO  o.s.d.r.c.RepositoryConfigurationDelegate - Finished Spring Data repository scanning in 42ms. Found 0 repository interfaces.
21:18:53.216 [main] INFO  o.s.c.s.PostProcessorRegistrationDelegate$BeanPostProcessorChecker - Bean 'org.springframework.transaction.annotation.ProxyTransactionManagementConfiguration' of type [org.springframework.transaction.annotation.ProxyTransactionManagementConfiguration$$EnhancerBySpringCGLIB$$45db6f85] is not eligible for getting processed by all BeanPostProcessors (for example: not eligible for auto-proxying)
21:18:53.670 [main] INFO  o.s.b.w.e.tomcat.TomcatWebServer - Tomcat initialized with port(s): 8080 (http)
21:18:53.712 [main] INFO  o.a.coyote.http11.Http11NioProtocol - Initializing ProtocolHandler ["http-nio-8080"]
21:18:53.726 [main] INFO  o.a.catalina.core.StandardService - Starting service [Tomcat]
21:18:53.726 [main] INFO  o.a.catalina.core.StandardEngine - Starting Servlet engine: [Apache Tomcat/9.0.17]
21:18:53.888 [main] INFO  o.a.c.c.C.[Tomcat].[localhost].[/] - Initializing Spring embedded WebApplicationContext
21:18:53.889 [main] INFO  o.s.web.context.ContextLoader - Root WebApplicationContext: initialization completed in 2370 ms
21:18:54.036 [main] INFO  c.a.d.s.b.a.DruidDataSourceAutoConfigure - Init DruidDataSource
21:18:54.221 [main] INFO  c.alibaba.druid.pool.DruidDataSource - {dataSource-1} inited
21:18:54.693 [main] INFO  o.s.s.c.ThreadPoolTaskExecutor - Initializing ExecutorService 'applicationTaskExecutor'
21:18:54.868 [main] WARN  o.t.templatemode.TemplateMode - [THYMELEAF][main] Template Mode 'HTML5' is deprecated. Using Template Mode 'HTML' instead.
21:18:55.289 [main] INFO  o.s.s.c.ThreadPoolTaskScheduler - Initializing ExecutorService 'taskScheduler'
21:18:55.402 [main] INFO  o.a.coyote.http11.Http11NioProtocol - Starting ProtocolHandler ["http-nio-8080"]
21:18:55.433 [main] INFO  o.s.b.w.e.tomcat.TomcatWebServer - Tomcat started on port(s): 8080 (http) with context path ''
21:18:55.441 [main] INFO  r.r.homework4.Homework4Application - Started Homework4Application in 4.682 seconds (JVM running for 5.984)
21:19:10.167 [http-nio-8080-exec-1] INFO  o.a.c.c.C.[Tomcat].[localhost].[/] - Initializing Spring DispatcherServlet 'dispatcherServlet'
21:19:10.168 [http-nio-8080-exec-1] INFO  o.s.web.servlet.DispatcherServlet - Initializing Servlet 'dispatcherServlet'
21:19:10.177 [http-nio-8080-exec-1] INFO  o.s.web.servlet.DispatcherServlet - Completed initialization in 9 ms
21:19:11.604 [http-nio-8080-exec-2] WARN  o.a.c.util.SessionIdGeneratorBase - Creation of SecureRandom instance for session ID generation using [SHA1PRNG] took [196] milliseconds.
21:26:03.621 [main] INFO  r.r.homework4.Homework4Application - Starting Homework4Application on DESKTOP-1E2HK3G with PID 1548 (C:\code\java\homework_4\target\classes started by tudou in C:\code\java\homework_4)
21:26:03.629 [main] INFO  r.r.homework4.Homework4Application - No active profile set, falling back to default profiles: default
21:26:04.862 [main] INFO  o.s.d.r.c.RepositoryConfigurationDelegate - Multiple Spring Data modules found, entering strict repository configuration mode!
21:26:04.867 [main] INFO  o.s.d.r.c.RepositoryConfigurationDelegate - Bootstrapping Spring Data repositories in DEFAULT mode.
21:26:04.919 [main] INFO  o.s.d.r.c.RepositoryConfigurationDelegate - Finished Spring Data repository scanning in 25ms. Found 0 repository interfaces.
21:26:05.338 [main] INFO  o.s.c.s.PostProcessorRegistrationDelegate$BeanPostProcessorChecker - Bean 'org.springframework.transaction.annotation.ProxyTransactionManagementConfiguration' of type [org.springframework.transaction.annotation.ProxyTransactionManagementConfiguration$$EnhancerBySpringCGLIB$$88982566] is not eligible for getting processed by all BeanPostProcessors (for example: not eligible for auto-proxying)
21:26:05.672 [main] INFO  o.s.b.w.e.tomcat.TomcatWebServer - Tomcat initialized with port(s): 8080 (http)
21:26:05.691 [main] INFO  o.a.coyote.http11.Http11NioProtocol - Initializing ProtocolHandler ["http-nio-8080"]
21:26:05.709 [main] INFO  o.a.catalina.core.StandardService - Starting service [Tomcat]
21:26:05.709 [main] INFO  o.a.catalina.core.StandardEngine - Starting Servlet engine: [Apache Tomcat/9.0.17]
21:26:05.867 [main] INFO  o.a.c.c.C.[Tomcat].[localhost].[/] - Initializing Spring embedded WebApplicationContext
21:26:05.868 [main] INFO  o.s.web.context.ContextLoader - Root WebApplicationContext: initialization completed in 2169 ms
21:26:06.008 [main] INFO  c.a.d.s.b.a.DruidDataSourceAutoConfigure - Init DruidDataSource
21:26:06.224 [main] INFO  c.alibaba.druid.pool.DruidDataSource - {dataSource-1} inited
21:26:06.621 [main] INFO  o.s.s.c.ThreadPoolTaskExecutor - Initializing ExecutorService 'applicationTaskExecutor'
21:26:06.757 [main] WARN  o.t.templatemode.TemplateMode - [THYMELEAF][main] Template Mode 'HTML5' is deprecated. Using Template Mode 'HTML' instead.
21:26:07.153 [main] INFO  o.s.s.c.ThreadPoolTaskScheduler - Initializing ExecutorService 'taskScheduler'
21:26:07.227 [main] INFO  o.a.coyote.http11.Http11NioProtocol - Starting ProtocolHandler ["http-nio-8080"]
21:26:07.264 [main] INFO  o.s.b.w.e.tomcat.TomcatWebServer - Tomcat started on port(s): 8080 (http) with context path ''
21:26:07.268 [main] INFO  r.r.homework4.Homework4Application - Started Homework4Application in 4.311 seconds (JVM running for 5.37)
21:26:12.950 [http-nio-8080-exec-1] INFO  o.a.c.c.C.[Tomcat].[localhost].[/] - Initializing Spring DispatcherServlet 'dispatcherServlet'
21:26:12.951 [http-nio-8080-exec-1] INFO  o.s.web.servlet.DispatcherServlet - Initializing Servlet 'dispatcherServlet'
21:26:12.965 [http-nio-8080-exec-1] INFO  o.s.web.servlet.DispatcherServlet - Completed initialization in 14 ms
21:26:18.668 [http-nio-8080-exec-4] WARN  o.a.c.util.SessionIdGeneratorBase - Creation of SecureRandom instance for session ID generation using [SHA1PRNG] took [162] milliseconds.
21:27:54.454 [main] INFO  r.r.homework4.Homework4Application - Starting Homework4Application on DESKTOP-1E2HK3G with PID 16528 (C:\code\java\homework_4\target\classes started by tudou in C:\code\java\homework_4)
21:27:54.458 [main] INFO  r.r.homework4.Homework4Application - No active profile set, falling back to default profiles: default
21:27:55.699 [main] INFO  o.s.d.r.c.RepositoryConfigurationDelegate - Multiple Spring Data modules found, entering strict repository configuration mode!
21:27:55.701 [main] INFO  o.s.d.r.c.RepositoryConfigurationDelegate - Bootstrapping Spring Data repositories in DEFAULT mode.
21:27:55.736 [main] INFO  o.s.d.r.c.RepositoryConfigurationDelegate - Finished Spring Data repository scanning in 19ms. Found 0 repository interfaces.
21:27:56.144 [main] INFO  o.s.c.s.PostProcessorRegistrationDelegate$BeanPostProcessorChecker - Bean 'org.springframework.transaction.annotation.ProxyTransactionManagementConfiguration' of type [org.springframework.transaction.annotation.ProxyTransactionManagementConfiguration$$EnhancerBySpringCGLIB$$1b346652] is not eligible for getting processed by all BeanPostProcessors (for example: not eligible for auto-proxying)
21:27:56.540 [main] INFO  o.s.b.w.e.tomcat.TomcatWebServer - Tomcat initialized with port(s): 8080 (http)
21:27:56.566 [main] INFO  o.a.coyote.http11.Http11NioProtocol - Initializing ProtocolHandler ["http-nio-8080"]
21:27:56.584 [main] INFO  o.a.catalina.core.StandardService - Starting service [Tomcat]
21:27:56.585 [main] INFO  o.a.catalina.core.StandardEngine - Starting Servlet engine: [Apache Tomcat/9.0.17]
21:27:56.737 [main] INFO  o.a.c.c.C.[Tomcat].[localhost].[/] - Initializing Spring embedded WebApplicationContext
21:27:56.738 [main] INFO  o.s.web.context.ContextLoader - Root WebApplicationContext: initialization completed in 2199 ms
21:27:56.886 [main] INFO  c.a.d.s.b.a.DruidDataSourceAutoConfigure - Init DruidDataSource
21:27:57.043 [main] INFO  c.alibaba.druid.pool.DruidDataSource - {dataSource-1} inited
21:27:57.467 [main] INFO  o.s.s.c.ThreadPoolTaskExecutor - Initializing ExecutorService 'applicationTaskExecutor'
21:27:57.608 [main] WARN  o.t.templatemode.TemplateMode - [THYMELEAF][main] Template Mode 'HTML5' is deprecated. Using Template Mode 'HTML' instead.
21:27:57.986 [main] INFO  o.s.s.c.ThreadPoolTaskScheduler - Initializing ExecutorService 'taskScheduler'
21:27:58.072 [main] INFO  o.a.coyote.http11.Http11NioProtocol - Starting ProtocolHandler ["http-nio-8080"]
21:27:58.101 [main] INFO  o.s.b.w.e.tomcat.TomcatWebServer - Tomcat started on port(s): 8080 (http) with context path ''
21:27:58.105 [main] INFO  r.r.homework4.Homework4Application - Started Homework4Application in 4.32 seconds (JVM running for 5.368)
21:28:05.486 [http-nio-8080-exec-1] INFO  o.a.c.c.C.[Tomcat].[localhost].[/] - Initializing Spring DispatcherServlet 'dispatcherServlet'
21:28:05.487 [http-nio-8080-exec-1] INFO  o.s.web.servlet.DispatcherServlet - Initializing Servlet 'dispatcherServlet'
21:28:05.498 [http-nio-8080-exec-1] INFO  o.s.web.servlet.DispatcherServlet - Completed initialization in 9 ms
21:28:06.573 [http-nio-8080-exec-2] WARN  o.a.c.util.SessionIdGeneratorBase - Creation of SecureRandom instance for session ID generation using [SHA1PRNG] took [178] milliseconds.
